[2024-09-12T06:05:55.950+0000] {local_task_job_runner.py:123} INFO - ::group::Pre task execution logs
[2024-09-12T06:05:56.050+0000] {taskinstance.py:2612} INFO - Dependencies all met for dep_context=non-requeueable deps ti=<TaskInstance: parse_fixed_width_to_csv.parse_fixed_width manual__2024-09-12T06:05:44.350945+00:00 [queued]>
[2024-09-12T06:05:56.077+0000] {taskinstance.py:2612} INFO - Dependencies all met for dep_context=requeueable deps ti=<TaskInstance: parse_fixed_width_to_csv.parse_fixed_width manual__2024-09-12T06:05:44.350945+00:00 [queued]>
[2024-09-12T06:05:56.078+0000] {taskinstance.py:2865} INFO - Starting attempt 1 of 2
[2024-09-12T06:05:56.166+0000] {taskinstance.py:2888} INFO - Executing <Task(PythonOperator): parse_fixed_width> on 2024-09-12 06:05:44.350945+00:00
[2024-09-12T06:05:56.181+0000] {standard_task_runner.py:72} INFO - Started process 304 to run task
[2024-09-12T06:05:56.206+0000] {standard_task_runner.py:104} INFO - Running: ['airflow', 'tasks', 'run', 'parse_fixed_width_to_csv', 'parse_fixed_width', 'manual__2024-09-12T06:05:44.350945+00:00', '--job-id', '37', '--raw', '--subdir', 'DAGS_FOLDER/parsing_dag/parse_fixed_width_dag.py', '--cfg-path', '/tmp/tmpxx65k3oy']
[2024-09-12T06:05:56.215+0000] {standard_task_runner.py:105} INFO - Job 37: Subtask parse_fixed_width
[2024-09-12T06:05:56.373+0000] {task_command.py:467} INFO - Running <TaskInstance: parse_fixed_width_to_csv.parse_fixed_width manual__2024-09-12T06:05:44.350945+00:00 [running]> on host 77b118d2d3a1
[2024-09-12T06:05:56.705+0000] {taskinstance.py:3131} INFO - Exporting env vars: AIRFLOW_CTX_DAG_OWNER='airflow' AIRFLOW_CTX_DAG_ID='parse_fixed_width_to_csv' AIRFLOW_CTX_TASK_ID='parse_fixed_width' AIRFLOW_CTX_EXECUTION_DATE='2024-09-12T06:05:44.350945+00:00' AIRFLOW_CTX_TRY_NUMBER='1' AIRFLOW_CTX_DAG_RUN_ID='manual__2024-09-12T06:05:44.350945+00:00'
[2024-09-12T06:05:56.708+0000] {taskinstance.py:731} INFO - ::endgroup::
[2024-09-12T06:05:57.173+0000] {logging_mixin.py:190} INFO - Script output: Loaded spec: {'ColumnNames': ['f1', 'f2', 'f3', 'f4', 'f5', 'f6', 'f7', 'f8', 'f9', 'f10'], 'Offsets': ['5', '12', '3', '2', '13', '7', '10', '13', '20', '13'], 'FixedWidthEncoding': 'windows-1252', 'IncludeHeader': 'True', 'DelimitedEncoding': 'utf-8'}
Reading input file: /opt/airflow/dags/parsing_dag/input_file.txt
Writing to output file: /opt/airflow/dags/parsing_dag/output_file.csv
Processed row: ['John', 'Doe', '123', 'NY', 'Engineer', '10000', 'john.doe@e', '1234567890', 'Address Line 1', 'Company ABC']
Processed row: ['Jane', 'Smith', '678', 'LA', 'Manager', '20000', 'jane.smith', '0987654321', 'Address Line 2', 'Company XYZ']
CSV file created: /opt/airflow/dags/parsing_dag/output_file.csv
[2024-09-12T06:05:57.174+0000] {python.py:240} INFO - Done. Returned value was: None
[2024-09-12T06:05:57.193+0000] {taskinstance.py:340} INFO - ::group::Post task execution logs
[2024-09-12T06:05:57.194+0000] {taskinstance.py:352} INFO - Marking task as SUCCESS. dag_id=parse_fixed_width_to_csv, task_id=parse_fixed_width, run_id=manual__2024-09-12T06:05:44.350945+00:00, execution_date=20240912T060544, start_date=20240912T060556, end_date=20240912T060557
[2024-09-12T06:05:57.271+0000] {local_task_job_runner.py:266} INFO - Task exited with return code 0
[2024-09-12T06:05:57.341+0000] {taskinstance.py:3900} INFO - 0 downstream tasks scheduled from follow-on schedule check
[2024-09-12T06:05:57.344+0000] {local_task_job_runner.py:245} INFO - ::endgroup::
